2019-01-20 22:41:32,702 - __main__ - INFO - 


	Message: 
		!3.hel[

	Was sent by KGB.33#2172
	In text Channel
2019-01-20 22:41:32,702 - __main__ - INFO - 
 Command not recognised: hel[
2019-01-20 22:41:36,898 - __main__ - INFO - 


	Message: 
		!3.help

	Was sent by KGB.33#2172
	In text Channel
2019-01-20 22:41:50,085 - __main__ - INFO - 


	Message: 
		!3.toggle_role DJ

	Was sent by KGB.33#2172
	In text Channel
2019-01-20 22:43:35,387 - __main__ - INFO - 


	Message: 
		!3.toggle_role DJ

	Was sent by KGB.33#2172
	In text Channel
2019-01-20 22:43:56,704 - __main__ - INFO - 


	Message: 
		!3.toggle_role DJ

	Was sent by KGB.33#2172
	In text Channel
2019-01-20 22:45:40,632 - __main__ - INFO - 


	Message: 
		!3.toggle_role DJ

	Was sent by KGB.33#2172
	In text Channel
2019-01-20 22:48:18,194 - __main__ - INFO - 


	Message: 
		!3.toggle_role

	Was sent by KGB.33#2172
	In text Channel
2019-01-20 22:48:27,040 - __main__ - INFO - 


	Message: 
		!3.toggle_role DJ

	Was sent by KGB.33#2172
	In text Channel
2019-01-20 22:52:16,548 - __main__ - INFO - 


	Message: 
		!3.toggle_role DJ

	Was sent by KGB.33#2172
	In text Channel
2019-01-20 22:54:54,597 - __main__ - INFO - 


	Message: 
		!3.toggle_role DJ

	Was sent by KGB.33#2172
	In text Channel
2019-01-20 22:57:14,694 - __main__ - INFO - 


	Message: 
		!3.toggle_role DJ

	Was sent by KGB.33#2172
	In text Channel
2019-01-20 22:58:18,325 - __main__ - INFO - 


	Message: 
		!3.toggle_role DJ

	Was sent by KGB.33#2172
	In text Channel
2019-01-20 22:58:48,811 - __main__ - INFO - 


	Message: 
		!3.toggle_role DJ

	Was sent by KGB.33#2172
	In text Channel
2019-01-20 23:00:04,790 - __main__ - INFO - 


	Message: 
		!3.toggle_role DJ

	Was sent by KGB.33#2172
	In text Channel
2019-01-20 23:00:23,142 - __main__ - INFO - 


	Message: 
		!3.toggle_role DJ

	Was sent by KGB.33#2172
	In text Channel
2019-01-20 23:00:45,120 - __main__ - INFO - 


	Message: 
		!3.help

	Was sent by KGB.33#2172
	In text Channel
2019-01-20 23:02:17,339 - __main__ - INFO - 


	Message: 
		!3.toggle_role Dauntless

	Was sent by FrostyTacos#4706
	In talk-to-the-bots Channel
2019-01-20 23:02:37,651 - __main__ - INFO - 


	Message: 
		!3.toggle_role Dauntless

	Was sent by FrostyTacos#4706
	In talk-to-the-bots Channel
2019-01-20 23:02:40,400 - __main__ - INFO - 


	Message: 
		!3.toggle_role Dauntless !3.toggle_role Dauntless

	Was sent by blaze73#5439
	In talk-to-the-bots Channel
2019-01-20 23:02:42,837 - __main__ - INFO - 


	Message: 
		!3.toggle_role Dauntless

	Was sent by blaze73#5439
	In talk-to-the-bots Channel
2019-01-20 23:02:50,715 - __main__ - INFO - 


	Message: 
		!3.help

	Was sent by KGB.33#2172
	In talk-to-the-bots Channel
2019-01-20 23:04:45,130 - __main__ - INFO - 


	Message: 
		!3.toggle_role DJ

	Was sent by KGB.33#2172
	In text Channel
2019-01-20 23:12:38,852 - __main__ - INFO - 


	Message: 
		!3.toggle_role Civilization

	Was sent by KGB.33#2172
	In text Channel
2019-01-20 23:13:07,084 - __main__ - INFO - 


	Message: 
		!3.roles

	Was sent by KGB.33#2172
	In text Channel
2019-01-20 23:13:07,085 - __main__ - INFO - 
 Command not recognised: roles
2019-01-20 23:13:11,370 - __main__ - INFO - 


	Message: 
		!3.help

	Was sent by KGB.33#2172
	In text Channel
2019-01-20 23:40:40,759 - __main__ - INFO - 


	Message: 
		!3.help

	Was sent by KGB.33#2172
	In text Channel
2019-01-20 23:43:32,289 - __main__ - INFO - 


	Message: 
		!3.roles

	Was sent by KGB.33#2172
	In text Channel
2019-01-20 23:45:01,521 - __main__ - INFO - 


	Message: 
		!3.roles

	Was sent by KGB.33#2172
	In text Channel
2019-01-20 23:45:11,686 - __main__ - INFO - 


	Message: 
		!3.help

	Was sent by KGB.33#2172
	In text Channel
2019-01-20 23:46:44,163 - __main__ - INFO - 


	Message: 
		!3.roles

	Was sent by KGB.33#2172
	In text Channel
2019-01-20 23:47:55,468 - __main__ - INFO - 


	Message: 
		!3.roles

	Was sent by KGB.33#2172
	In text Channel
2019-01-20 23:52:45,829 - __main__ - INFO - 


	Message: 
		!3.roles

	Was sent by Shamoxin#6993
	In text Channel
2019-01-21 09:52:28,871 - __main__ - INFO - 


	Message: 
		!3.roles

	Was sent by KGB.33#2172
	In text Channel
2019-01-21 09:56:01,112 - __main__ - INFO - 


	Message: 
		!3.roles

	Was sent by KGB.33#2172
	In text Channel
2019-01-21 10:00:32,384 - __main__ - INFO - 


	Message: 
		!3.roles

	Was sent by KGB.33#2172
	In text Channel
